#
# A fatal error has been detected by the Java Runtime Environment:
#
#  SIGSEGV (0xb) at pc=0x00000001065c32e9, pid=817, tid=0x0000000000002a03
#
# JRE version: Java(TM) SE Runtime Environment (8.0_151-b12) (build 1.8.0_151-b12)
# Java VM: Java HotSpot(TM) 64-Bit Server VM (25.151-b12 mixed mode bsd-amd64 compressed oops)
# Problematic frame:
# V  [libjvm.dylib+0x1aa2e9]  oopDesc::size()+0x2d
#
# Failed to write core dump. Core dumps have been disabled. To enable core dumping, try "ulimit -c unlimited" before starting Java again
#
# If you would like to submit a bug report, please visit:
#   http://bugreport.java.com/bugreport/crash.jsp
#

---------------  T H R E A D  ---------------

Current thread (0x00007f9f20800000):  GCTaskThread [stack: 0x0000700008f30000,0x0000700009030000] [id=10755]

siginfo: si_signo: 11 (SIGSEGV), si_code: 1 (SEGV_MAPERR), si_addr: 0x0000000000000008

Registers:
RAX=0x0000000106c58b20, RBX=0x00007f9f1ea07b40, RCX=0x0000000000ffa703, RDX=0x0000000007fd3a01
RSP=0x000070000902fcd0, RBP=0x000070000902fcd0, RSI=0x00000006ffe9d6c0, RDI=0x0000000000000000
R8 =0x000000000000054f, R9 =0x000000000000fefc, R10=0x4800492492492401, R11=0x0020000000000000
R12=0x00000006ffe9d6b8, R13=0x00000006ffe9d6bc, R14=0x00000006ffe9d6c0, R15=0x00000007c0032e38
RIP=0x00000001065c32e9, EFLAGS=0x0000000000010246, ERR=0x0000000000000004
  TRAPNO=0x000000000000000e

Top of Stack: (sp=0x000070000902fcd0)
0x000070000902fcd0:   000070000902fd00 00000001066dcdfc
0x000070000902fce0:   00007f9f1ea07bc8 00007f9f1ea07b40
0x000070000902fcf0:   00000007c0032e28 00000007c0032e38
0x000070000902fd00:   000070000902fd50 00000001066d97f1
0x000070000902fd10:   000070000902fd50 00000006ffe9d698
0x000070000902fd20:   0000000000000000 0000000000000002
0x000070000902fd30:   000070000902fd80 0000000106c58b20
0x000070000902fd40:   00007f9f1ea07b40 000070000902fd6c
0x000070000902fd50:   000070000902fdb0 00000001068c8a97
0x000070000902fd60:   00007f9f1f692e20 6bf4ace3068a0762
0x000070000902fd70:   00000006c01865e8 00007f9f00003200
0x000070000902fd80:   00000006ffe9d698 00007f9f20800000
0x000070000902fd90:   0000000000000000 0000000106a2cafe
0x000070000902fda0:   00007f9f1f692e20 0000000000000001
0x000070000902fdb0:   000070000902fe90 000000010669056f
0x000070000902fdc0:   000070000902fdf0 00007f9f1cf00af0
0x000070000902fdd0:   00007f9f1cf00c30 00007f9f1cf00c40
0x000070000902fde0:   00007f9f1cf01018 00000000000003d8
0x000070000902fdf0:   00007f9f20800000 00007f9f1cf00b20
0x000070000902fe00:   00007f9f1cf01020 00007f9f1cf01030
0x000070000902fe10:   00007f9f1cf01108 00000000000000d8
0x000070000902fe20:   000070000902fe30 0000000000000000
0x000070000902fe30:   00007f9f20800000 00007f9f1cf00b20
0x000070000902fe40:   00007f9f1cf01020 00007f9f1cf01030
0x000070000902fe50:   00007f9f1cf01108 00000000000000d8
0x000070000902fe60:   00007f9f1cf01230 00007f9f20800000
0x000070000902fe70:   000000000000c474 0000000000000000
0x000070000902fe80:   00007f9f1cf01af0 00007f9f1cf01b60
0x000070000902fe90:   000070000902fef0 00000001068a4bb2
0x000070000902fea0:   0000000000000000 00007f9f1cf01b60
0x000070000902feb0:   0000000600000000 000000000000c474
0x000070000902fec0:   00007000090300e0 0000700009030180 

Instructions: (pc=0x00000001065c32e9)
0x00000001065c32c9:   84 d2 48 89 fe 74 15 48 8d 05 49 58 69 00 8a 48
0x00000001065c32d9:   08 8b 7e 08 48 d3 e7 48 03 38 eb 04 48 8b 7e 08
0x00000001065c32e9:   8b 47 08 85 c0 7e 09 a8 01 75 4e c1 f8 03 eb 47
0x00000001065c32f9:   85 c0 7f 43 85 c0 79 41 84 d2 0f 94 c1 0f b6 c9 

Register to memory mapping:

RAX=0x0000000106c58b20: _ZN8Universe13_narrow_klassE+0 in /Library/Java/JavaVirtualMachines/jdk1.8.0_151.jdk/Contents/Home/jre/lib/server/libjvm.dylib at 0x0000000106419000
RBX=0x00007f9f1ea07b40 is an unknown value
RCX=0x0000000000ffa703 is an unknown value
RDX=0x0000000007fd3a01 is an unknown value
RSP=0x000070000902fcd0 is an unknown value
RBP=0x000070000902fcd0 is an unknown value
RSI=0x00000006ffe9d6c0 is pointing into object: 0x00000006ffe9d698
java.util.HashMap$TreeNode 
 - klass: 'java/util/HashMap$TreeNode'
RDI=0x0000000000000000 is an unknown value
R8 =0x000000000000054f is an unknown value
R9 =0x000000000000fefc is an unknown value
R10=0x4800492492492401 is an unknown value
R11=0x0020000000000000 is an unknown value
R12=0x00000006ffe9d6b8 is pointing into object: 0x00000006ffe9d698
java.util.HashMap$TreeNode 
 - klass: 'java/util/HashMap$TreeNode'
R13=0x00000006ffe9d6bc is pointing into object: 0x00000006ffe9d698
java.util.HashMap$TreeNode 
 - klass: 'java/util/HashMap$TreeNode'
R14=0x00000006ffe9d6c0 is pointing into object: 0x00000006ffe9d698
java.util.HashMap$TreeNode 
 - klass: 'java/util/HashMap$TreeNode'
R15=0x00000007c0032e38 is pointing into metadata


Stack: [0x0000700008f30000,0x0000700009030000],  sp=0x000070000902fcd0,  free space=1023k
Native frames: (J=compiled Java code, j=interpreted, Vv=VM code, C=native code)
V  [libjvm.dylib+0x1aa2e9]  oopDesc::size()+0x2d
V  [libjvm.dylib+0x2c3dfc]  void PSParallelCompact::mark_and_push<unsigned int>(ParCompactionManager*, unsigned int*)+0x6a
V  [libjvm.dylib+0x2c07f1]  InstanceKlass::oop_follow_contents(ParCompactionManager*, oopDesc*)+0x10d
V  [libjvm.dylib+0x4afa97]  StealMarkingTask::do_it(GCTaskManager*, unsigned int)+0xc9
V  [libjvm.dylib+0x27756f]  GCTaskThread::run()+0x1a1
V  [libjvm.dylib+0x48bbb2]  java_start(Thread*)+0xf6
C  [libsystem_pthread.dylib+0x3661]  _pthread_body+0x154
C  [libsystem_pthread.dylib+0x350d]  _pthread_body+0x0
C  [libsystem_pthread.dylib+0x2bf9]  thread_start+0xd


---------------  P R O C E S S  ---------------

Java Threads: ( => current thread )
  0x00007f9f201f6800 JavaThread "Java2D Disposer" daemon [_thread_blocked, id=54287, stack(0x000070000a9b2000,0x000070000aab2000)]
  0x00007f9f21003800 JavaThread "Java2D Queue Flusher" daemon [_thread_blocked, id=52487, stack(0x000070000a8af000,0x000070000a9af000)]
  0x00007f9f1d054000 JavaThread "AWT-AppKit" daemon [_thread_in_native, id=775, stack(0x00007ffeea9d4000,0x00007ffeeb1d4000)]
  0x00007f9f1fb7b800 JavaThread "Exec Stream Pumper" daemon [_thread_in_native, id=41987, stack(0x000070000a397000,0x000070000a497000)]
  0x00007f9f1fb7a800 JavaThread "Exec Stream Pumper" daemon [_thread_in_native, id=42243, stack(0x000070000a294000,0x000070000a394000)]
  0x00007f9f1faeb800 JavaThread "process reaper" daemon [_thread_in_native, id=22531, stack(0x000070000a269000,0x000070000a291000)]
  0x00007f9f1f183000 JavaThread "Exec Default Executor" daemon [_thread_blocked, id=43267, stack(0x000070000a063000,0x000070000a163000)]
  0x00007f9f1f01b000 JavaThread "Service Thread" daemon [_thread_blocked, id=15107, stack(0x0000700009e5d000,0x0000700009f5d000)]
  0x00007f9f20804800 JavaThread "C1 CompilerThread3" daemon [_thread_blocked, id=15875, stack(0x0000700009d5a000,0x0000700009e5a000)]
  0x00007f9f20804000 JavaThread "C2 CompilerThread2" daemon [_thread_blocked, id=14595, stack(0x0000700009c57000,0x0000700009d57000)]
  0x00007f9f1f861800 JavaThread "C2 CompilerThread1" daemon [_thread_blocked, id=16131, stack(0x0000700009b54000,0x0000700009c54000)]
  0x00007f9f1f861000 JavaThread "C2 CompilerThread0" daemon [_thread_blocked, id=14083, stack(0x0000700009a51000,0x0000700009b51000)]
  0x00007f9f1f015800 JavaThread "Monitor Ctrl-Break" daemon [_thread_in_native, id=13571, stack(0x000070000994e000,0x0000700009a4e000)]
  0x00007f9f1f85f800 JavaThread "Signal Dispatcher" daemon [_thread_blocked, id=16907, stack(0x000070000984b000,0x000070000994b000)]
  0x00007f9f1f858800 JavaThread "Finalizer" daemon [_thread_blocked, id=18947, stack(0x0000700009748000,0x0000700009848000)]
  0x00007f9f1f855800 JavaThread "Reference Handler" daemon [_thread_blocked, id=12035, stack(0x0000700009645000,0x0000700009745000)]
  0x00007f9f1d00b800 JavaThread "main" [_thread_blocked, id=9987, stack(0x0000700008c27000,0x0000700008d27000)]

Other Threads:
  0x00007f9f1f851000 VMThread [stack: 0x0000700009542000,0x0000700009642000] [id=19715]
  0x00007f9f2081e000 WatcherThread [stack: 0x0000700009f60000,0x000070000a060000] [id=21763]

=>0x00007f9f20800000 (exited) GCTaskThread [stack: 0x0000700008f30000,0x0000700009030000] [id=10755]

VM state:at safepoint (normal execution)

VM Mutex/Monitor currently owned by a thread:  ([mutex/lock_event])
[0x00007f9f1e802100] Threads_lock - owner thread: 0x00007f9f1f851000
[0x00007f9f1e802600] Heap_lock - owner thread: 0x00007f9f1d00b800

Heap:
 PSYoungGen      total 676352K, used 120608K [0x000000076ab00000, 0x00000007b2080000, 0x00000007c0000000)
  eden space 210432K, 0% used [0x000000076ab00000,0x000000076ab00000,0x0000000777880000)
  from space 465920K, 25% used [0x0000000777880000,0x000000077ee48000,0x0000000793f80000)
  to   space 465920K, 0% used [0x0000000795980000,0x0000000795980000,0x00000007b2080000)
 ParOldGen       total 1630720K, used 1536033K [0x00000006c0000000, 0x0000000723880000, 0x000000076ab00000)
  object space 1630720K, 94% used [0x00000006c0000000,0x000000071dc08688,0x0000000723880000)
 Metaspace       used 23116K, capacity 23560K, committed 23856K, reserved 1071104K
  class space    used 2910K, capacity 3064K, committed 3120K, reserved 1048576K

Card table byte_map: [0x00000001163c0000,0x0000000116bc1000] byte_map_base: 0x0000000112dc0000

Marking Bits: (ParMarkBitMap*) 0x0000000106d0c5d0
 Begin Bits: [0x0000000117117000, 0x000000011b117000)
 End Bits:   [0x000000011b117000, 0x000000011f117000)

Polling page: 0x0000000104ab0000

CodeCache: size=245760Kb used=6926Kb max_used=6939Kb free=238833Kb
 bounds [0x00000001073c0000, 0x0000000107aa0000, 0x00000001163c0000]
 total_blobs=2732 nmethods=2186 adapters=459
 compilation: enabled

Compilation events (10 events):
Event: 150.737 Thread 0x00007f9f1f861000 2437  s    4       java.awt.image.BufferedImage::setRGB (19 bytes)
Event: 150.741 Thread 0x00007f9f20804000 nmethod 2436 0x000000010795df10 code [0x000000010795e080, 0x000000010795e358]
Event: 150.742 Thread 0x00007f9f1f861000 nmethod 2437 0x0000000107701d50 code [0x0000000107701f00, 0x0000000107702548]
Event: 150.753 Thread 0x00007f9f1f861800 nmethod 2435 0x000000010761fe10 code [0x000000010761ffc0, 0x0000000107620958]
Event: 150.753 Thread 0x00007f9f20804800 2438 %     3       ru.yandex.qatools.ashot.comparison.PointsMarkupPolicy::markDiffPoints @ 18 (57 bytes)
Event: 150.754 Thread 0x00007f9f20804800 nmethod 2438% 0x0000000107702f50 code [0x0000000107703140, 0x0000000107703b28]
Event: 150.754 Thread 0x00007f9f20804800 2439       3       ru.yandex.qatools.ashot.comparison.PointsMarkupPolicy::markDiffPoints (57 bytes)
Event: 150.754 Thread 0x00007f9f20804800 nmethod 2439 0x0000000107622090 code [0x0000000107622280, 0x0000000107622ba8]
Event: 150.761 Thread 0x00007f9f20804000 2440 %     4       ru.yandex.qatools.ashot.comparison.PointsMarkupPolicy::markDiffPoints @ 18 (57 bytes)
Event: 150.771 Thread 0x00007f9f20804000 nmethod 2440% 0x000000010795ad50 code [0x000000010795af00, 0x000000010795b8c8]

GC Heap History (10 events):
Event: 116.364 GC heap after
Heap after GC invocations=24 (full 6):
 PSYoungGen      total 652800K, used 364736K [0x000000076ab00000, 0x00000007af300000, 0x00000007c0000000)
  eden space 186880K, 0% used [0x000000076ab00000,0x000000076ab00000,0x0000000776180000)
  from space 465920K, 78% used [0x0000000792880000,0x00000007a8cb0000,0x00000007aef80000)
  to   space 465920K, 0% used [0x0000000776180000,0x0000000776180000,0x0000000792880000)
 ParOldGen       total 1136128K, used 977170K [0x00000006c0000000, 0x0000000705580000, 0x000000076ab00000)
  object space 1136128K, 86% used [0x00000006c0000000,0x00000006fba44b98,0x0000000705580000)
 Metaspace       used 23109K, capacity 23560K, committed 23856K, reserved 1071104K
  class space    used 2910K, capacity 3064K, committed 3120K, reserved 1048576K
}
Event: 116.364 GC heap before
{Heap before GC invocations=25 (full 7):
 PSYoungGen      total 652800K, used 364736K [0x000000076ab00000, 0x00000007af300000, 0x00000007c0000000)
  eden space 186880K, 0% used [0x000000076ab00000,0x000000076ab00000,0x0000000776180000)
  from space 465920K, 78% used [0x0000000792880000,0x00000007a8cb0000,0x00000007aef80000)
  to   space 465920K, 0% used [0x0000000776180000,0x0000000776180000,0x0000000792880000)
 ParOldGen       total 1136128K, used 977170K [0x00000006c0000000, 0x0000000705580000, 0x000000076ab00000)
  object space 1136128K, 86% used [0x00000006c0000000,0x00000006fba44b98,0x0000000705580000)
 Metaspace       used 23109K, capacity 23560K, committed 23856K, reserved 1071104K
  class space    used 2910K, capacity 3064K, committed 3120K, reserved 1048576K
Event: 122.097 GC heap after
Heap after GC invocations=25 (full 7):
 PSYoungGen      total 652800K, used 138527K [0x000000076ab00000, 0x00000007af300000, 0x00000007c0000000)
  eden space 186880K, 0% used [0x000000076ab00000,0x000000076ab00000,0x0000000776180000)
  from space 465920K, 29% used [0x0000000792880000,0x000000079afc7fd0,0x00000007aef80000)
  to   space 465920K, 0% used [0x0000000776180000,0x0000000776180000,0x0000000792880000)
 ParOldGen       total 1630720K, used 1135953K [0x00000006c0000000, 0x0000000723880000, 0x000000076ab00000)
  object space 1630720K, 69% used [0x00000006c0000000,0x0000000705554688,0x0000000723880000)
 Metaspace       used 23109K, capacity 23560K, committed 23856K, reserved 1071104K
  class space    used 2910K, capacity 3064K, committed 3120K, reserved 1048576K
}
Event: 130.702 GC heap before
{Heap before GC invocations=26 (full 7):
 PSYoungGen      total 652800K, used 325407K [0x000000076ab00000, 0x00000007af300000, 0x00000007c0000000)
  eden space 186880K, 100% used [0x000000076ab00000,0x0000000776180000,0x0000000776180000)
  from space 465920K, 29% used [0x0000000792880000,0x000000079afc7fd0,0x00000007aef80000)
  to   space 465920K, 0% used [0x0000000776180000,0x0000000776180000,0x0000000792880000)
 ParOldGen       total 1630720K, used 1135953K [0x00000006c0000000, 0x0000000723880000, 0x000000076ab00000)
  object space 1630720K, 69% used [0x00000006c0000000,0x0000000705554688,0x0000000723880000)
 Metaspace       used 23109K, capacity 23560K, committed 23856K, reserved 1071104K
  class space    used 2910K, capacity 3064K, committed 3120K, reserved 1048576K
Event: 131.185 GC heap after
Heap after GC invocations=26 (full 7):
 PSYoungGen      total 652800K, used 177920K [0x000000076ab00000, 0x00000007b0780000, 0x00000007c0000000)
  eden space 186880K, 0% used [0x000000076ab00000,0x000000076ab00000,0x0000000776180000)
  from space 465920K, 38% used [0x0000000776180000,0x0000000780f40000,0x0000000792880000)
  to   space 465920K, 0% used [0x0000000794080000,0x0000000794080000,0x00000007b0780000)
 ParOldGen       total 1630720K, used 1227201K [0x00000006c0000000, 0x0000000723880000, 0x000000076ab00000)
  object space 1630720K, 75% used [0x00000006c0000000,0x000000070ae70688,0x0000000723880000)
 Metaspace       used 23109K, capacity 23560K, committed 23856K, reserved 1071104K
  class space    used 2910K, capacity 3064K, committed 3120K, reserved 1048576K
}
Event: 140.579 GC heap before
{Heap before GC invocations=27 (full 7):
 PSYoungGen      total 652800K, used 364800K [0x000000076ab00000, 0x00000007b0780000, 0x00000007c0000000)
  eden space 186880K, 100% used [0x000000076ab00000,0x0000000776180000,0x0000000776180000)
  from space 465920K, 38% used [0x0000000776180000,0x0000000780f40000,0x0000000792880000)
  to   space 465920K, 0% used [0x0000000794080000,0x0000000794080000,0x00000007b0780000)
 ParOldGen       total 1630720K, used 1227201K [0x00000006c0000000, 0x0000000723880000, 0x000000076ab00000)
  object space 1630720K, 75% used [0x00000006c0000000,0x000000070ae70688,0x0000000723880000)
 Metaspace       used 23109K, capacity 23560K, committed 23856K, reserved 1071104K
  class space    used 2910K, capacity 3064K, committed 3120K, reserved 1048576K
Event: 141.147 GC heap after
Heap after GC invocations=27 (full 7):
 PSYoungGen      total 675328K, used 260320K [0x000000076ab00000, 0x00000007b0680000, 0x00000007c0000000)
  eden space 210432K, 0% used [0x000000076ab00000,0x000000076ab00000,0x0000000777880000)
  from space 464896K, 55% used [0x0000000794080000,0x00000007a3eb8000,0x00000007b0680000)
  to   space 465920K, 0% used [0x0000000777880000,0x0000000777880000,0x0000000793f80000)
 ParOldGen       total 1630720K, used 1275105K [0x00000006c0000000, 0x0000000723880000, 0x000000076ab00000)
  object space 1630720K, 78% used [0x00000006c0000000,0x000000070dd38688,0x0000000723880000)
 Metaspace       used 23109K, capacity 23560K, committed 23856K, reserved 1071104K
  class space    used 2910K, capacity 3064K, committed 3120K, reserved 1048576K
}
Event: 150.869 GC heap before
{Heap before GC invocations=28 (full 7):
 PSYoungGen      total 675328K, used 470752K [0x000000076ab00000, 0x00000007b0680000, 0x00000007c0000000)
  eden space 210432K, 100% used [0x000000076ab00000,0x0000000777880000,0x0000000777880000)
  from space 464896K, 55% used [0x0000000794080000,0x00000007a3eb8000,0x00000007b0680000)
  to   space 465920K, 0% used [0x0000000777880000,0x0000000777880000,0x0000000793f80000)
 ParOldGen       total 1630720K, used 1275105K [0x00000006c0000000, 0x0000000723880000, 0x000000076ab00000)
  object space 1630720K, 78% used [0x00000006c0000000,0x000000070dd38688,0x0000000723880000)
 Metaspace       used 23116K, capacity 23560K, committed 23856K, reserved 1071104K
  class space    used 2910K, capacity 3064K, committed 3120K, reserved 1048576K
Event: 151.574 GC heap after
Heap after GC invocations=28 (full 7):
 PSYoungGen      total 676352K, used 120608K [0x000000076ab00000, 0x00000007b2080000, 0x00000007c0000000)
  eden space 210432K, 0% used [0x000000076ab00000,0x000000076ab00000,0x0000000777880000)
  from space 465920K, 25% used [0x0000000777880000,0x000000077ee48000,0x0000000793f80000)
  to   space 465920K, 0% used [0x0000000795980000,0x0000000795980000,0x00000007b2080000)
 ParOldGen       total 1630720K, used 1536033K [0x00000006c0000000, 0x0000000723880000, 0x000000076ab00000)
  object space 1630720K, 94% used [0x00000006c0000000,0x000000071dc08688,0x0000000723880000)
 Metaspace       used 23116K, capacity 23560K, committed 23856K, reserved 1071104K
  class space    used 2910K, capacity 3064K, committed 3120K, reserved 1048576K
}
Event: 151.574 GC heap before
{Heap before GC invocations=29 (full 8):
 PSYoungGen      total 676352K, used 120608K [0x000000076ab00000, 0x00000007b2080000, 0x00000007c0000000)
  eden space 210432K, 0% used [0x000000076ab00000,0x000000076ab00000,0x0000000777880000)
  from space 465920K, 25% used [0x0000000777880000,0x000000077ee48000,0x0000000793f80000)
  to   space 465920K, 0% used [0x0000000795980000,0x0000000795980000,0x00000007b2080000)
 ParOldGen       total 1630720K, used 1536033K [0x00000006c0000000, 0x0000000723880000, 0x000000076ab00000)
  object space 1630720K, 94% used [0x00000006c0000000,0x000000071dc08688,0x0000000723880000)
 Metaspace       used 23116K, capacity 23560K, committed 23856K, reserved 1071104K
  class space    used 2910K, capacity 3064K, committed 3120K, reserved 1048576K

Deoptimization events (10 events):
Event: 65.741 Thread 0x00007f9f1d00b800 Uncommon trap: reason=unstable_if action=reinterpret pc=0x00000001078e154c method=java.awt.Rectangle.inside(II)Z @ 79
Event: 65.808 Thread 0x00007f9f1d00b800 Uncommon trap: reason=unstable_if action=reinterpret pc=0x0000000107894810 method=java.util.HashMap.putVal(ILjava/lang/Object;Ljava/lang/Object;ZZ)Ljava/lang/Object; @ 162
Event: 65.826 Thread 0x00007f9f1d00b800 Uncommon trap: reason=unstable_if action=reinterpret pc=0x00000001078190e0 method=java.util.HashMap.putVal(ILjava/lang/Object;Ljava/lang/Object;ZZ)Ljava/lang/Object; @ 109
Event: 65.826 Thread 0x00007f9f1d00b800 Uncommon trap: reason=unstable_if action=reinterpret pc=0x000000010765ac14 method=java.util.HashMap.putVal(ILjava/lang/Object;Ljava/lang/Object;ZZ)Ljava/lang/Object; @ 162
Event: 65.830 Thread 0x00007f9f1d00b800 Uncommon trap: reason=unstable_if action=reinterpret pc=0x00000001076be748 method=java.util.HashMap.resize()[Ljava/util/HashMap$Node; @ 206
Event: 65.858 Thread 0x00007f9f1d00b800 Uncommon trap: reason=unstable_if action=reinterpret pc=0x00000001074e2d88 method=java.util.HashMap.putVal(ILjava/lang/Object;Ljava/lang/Object;ZZ)Ljava/lang/Object; @ 109
Event: 66.793 Thread 0x00007f9f1d00b800 Uncommon trap: reason=unstable_if action=reinterpret pc=0x000000010793d924 method=java.util.LinkedHashMap.transferLinks(Ljava/util/LinkedHashMap$Entry;Ljava/util/LinkedHashMap$Entry;)V @ 22
Event: 79.618 Thread 0x00007f9f1d00b800 Uncommon trap: reason=unstable_if action=reinterpret pc=0x000000010793c4a0 method=java.util.HashMap$TreeNode.split(Ljava/util/HashMap;[Ljava/util/HashMap$Node;II)V @ 162
Event: 80.474 Thread 0x00007f9f1d00b800 Uncommon trap: reason=unstable_if action=reinterpret pc=0x000000010774e2ac method=java.util.HashMap$TreeNode.split(Ljava/util/HashMap;[Ljava/util/HashMap$Node;II)V @ 140
Event: 150.725 Thread 0x00007f9f1d00b800 Uncommon trap: reason=unstable_if action=reinterpret pc=0x0000000107a6fe08 method=java.util.LinkedHashMap.keySet()Ljava/util/Set; @ 6

Internal exceptions (10 events):
Event: 57.681 Thread 0x00007f9f1d00b800 Exception <a 'java/net/SocketTimeoutException': Read timed out> (0x000000076cda0cd8) thrown at [/Users/java_re/workspace/8-2-build-macosx-x86_64/jdk8u151/9699/hotspot/src/share/vm/prims/jni.cpp, line 735]
Event: 58.517 Thread 0x00007f9f1d00b800 Exception <a 'java/net/SocketTimeoutException': Read timed out> (0x0000000770c00008) thrown at [/Users/java_re/workspace/8-2-build-macosx-x86_64/jdk8u151/9699/hotspot/src/share/vm/prims/jni.cpp, line 735]
Event: 58.536 Thread 0x00007f9f1d00b800 Exception <a 'java/net/SocketTimeoutException': Read timed out> (0x0000000770c0fbc8) thrown at [/Users/java_re/workspace/8-2-build-macosx-x86_64/jdk8u151/9699/hotspot/src/share/vm/prims/jni.cpp, line 735]
Event: 60.552 Thread 0x00007f9f1d00b800 Exception <a 'java/net/SocketTimeoutException': Read timed out> (0x0000000770c21308) thrown at [/Users/java_re/workspace/8-2-build-macosx-x86_64/jdk8u151/9699/hotspot/src/share/vm/prims/jni.cpp, line 735]
Event: 60.553 Thread 0x00007f9f1d00b800 Exception <a 'java/net/SocketTimeoutException': Read timed out> (0x0000000770c217a8) thrown at [/Users/java_re/workspace/8-2-build-macosx-x86_64/jdk8u151/9699/hotspot/src/share/vm/prims/jni.cpp, line 735]
Event: 61.163 Thread 0x00007f9f1d00b800 Exception <a 'java/net/SocketTimeoutException': Read timed out> (0x0000000772b35a40) thrown at [/Users/java_re/workspace/8-2-build-macosx-x86_64/jdk8u151/9699/hotspot/src/share/vm/prims/jni.cpp, line 735]
Event: 61.179 Thread 0x00007f9f1d00b800 Exception <a 'java/net/SocketTimeoutException': Read timed out> (0x0000000772b45600) thrown at [/Users/java_re/workspace/8-2-build-macosx-x86_64/jdk8u151/9699/hotspot/src/share/vm/prims/jni.cpp, line 735]
Event: 63.199 Thread 0x00007f9f1d00b800 Exception <a 'java/net/SocketTimeoutException': Read timed out> (0x0000000772b56d40) thrown at [/Users/java_re/workspace/8-2-build-macosx-x86_64/jdk8u151/9699/hotspot/src/share/vm/prims/jni.cpp, line 735]
Event: 63.200 Thread 0x00007f9f1d00b800 Exception <a 'java/net/SocketTimeoutException': Read timed out> (0x0000000772b571e0) thrown at [/Users/java_re/workspace/8-2-build-macosx-x86_64/jdk8u151/9699/hotspot/src/share/vm/prims/jni.cpp, line 735]
Event: 63.781 Thread 0x00007f9f1d00b800 Exception <a 'java/net/SocketTimeoutException': Read timed out> (0x0000000774df8400) thrown at [/Users/java_re/workspace/8-2-build-macosx-x86_64/jdk8u151/9699/hotspot/src/share/vm/prims/jni.cpp, line 735]

Events (10 events):
Event: 150.031 Executing VM operation: RevokeBias done
Event: 150.032 Thread 0x00007f9f24da1000 Thread exited: 0x00007f9f24da1000
Event: 150.725 Thread 0x00007f9f1d00b800 Uncommon trap: trap_request=0xffffff65 fr.pc=0x0000000107a6fe08
Event: 150.725 Thread 0x00007f9f1d00b800 DEOPT PACKING pc=0x0000000107a6fe08 sp=0x0000700008d252c0
Event: 150.725 Thread 0x00007f9f1d00b800 DEOPT UNPACKING pc=0x00000001073c5229 sp=0x0000700008d25238 mode 2
Event: 150.743 Thread 0x00007f9f1f861000 flushing nmethod 0x00000001076594d0
Event: 150.754 Thread 0x00007f9f20804800 flushing nmethod 0x00000001076d7c90
Event: 150.772 Thread 0x00007f9f1d00b800 DEOPT PACKING pc=0x00000001077039d1 sp=0x0000700008d252a0
Event: 150.772 Thread 0x00007f9f1d00b800 DEOPT UNPACKING pc=0x0000000107407633 sp=0x0000700008d25068 mode 0
Event: 150.869 Executing VM operation: ParallelGCFailedAllocation


Dynamic libraries:
0x0000000007e68000 	/System/Library/Frameworks/Cocoa.framework/Versions/A/Cocoa
0x0000000007e68000 	/System/Library/Frameworks/Security.framework/Versions/A/Security
0x0000000007e68000 	/System/Library/Frameworks/ApplicationServices.framework/Versions/A/ApplicationServices
0x0000000007e68000 	/usr/lib/libz.1.dylib
0x0000000007e68000 	/usr/lib/libSystem.B.dylib
0x0000000007e68000 	/usr/lib/libobjc.A.dylib
0x0000000007e68000 	/System/Library/Frameworks/CoreFoundation.framework/Versions/A/CoreFoundation
0x0000000007e68000 	/System/Library/Frameworks/Foundation.framework/Versions/C/Foundation
0x0000000007e68000 	/System/Library/Frameworks/AppKit.framework/Versions/C/AppKit
0x0000000007e68000 	/System/Library/Frameworks/CoreData.framework/Versions/A/CoreData
0x0000000007e68000 	/System/Library/PrivateFrameworks/RemoteViewServices.framework/Versions/A/RemoteViewServices
0x0000000007e68000 	/System/Library/PrivateFrameworks/UIFoundation.framework/Versions/A/UIFoundation
0x0000000007e68000 	/System/Library/PrivateFrameworks/DFRFoundation.framework/Versions/A/DFRFoundation
0x0000000007e68000 	/System/Library/Frameworks/Metal.framework/Versions/A/Metal
0x0000000007e68000 	/System/Library/PrivateFrameworks/DesktopServicesPriv.framework/Versions/A/DesktopServicesPriv
0x0000000007e68000 	/usr/lib/libenergytrace.dylib
0x0000000007e68000 	/System/Library/PrivateFrameworks/SkyLight.framework/Versions/A/SkyLight
0x0000000007e68000 	/System/Library/Frameworks/CoreGraphics.framework/Versions/A/CoreGraphics
0x0000000007e68000 	/usr/lib/libScreenReader.dylib
0x0000000007e68000 	/System/Library/Frameworks/Accelerate.framework/Versions/A/Accelerate
0x0000000007e68000 	/System/Library/Frameworks/IOSurface.framework/Versions/A/IOSurface
0x0000000007e68000 	/System/Library/Frameworks/AudioToolbox.framework/Versions/A/AudioToolbox
0x0000000007e68000 	/System/Library/Frameworks/AudioUnit.framework/Versions/A/AudioUnit
0x0000000007e68000 	/System/Library/PrivateFrameworks/DataDetectorsCore.framework/Versions/A/DataDetectorsCore
0x0000000007e68000 	/System/Library/Frameworks/Carbon.framework/Versions/A/Frameworks/HIToolbox.framework/Versions/A/HIToolbox
0x0000000007e68000 	/usr/lib/libicucore.A.dylib
0x0000000007e68000 	/System/Library/Frameworks/QuartzCore.framework/Versions/A/QuartzCore
0x0000000007e68000 	/System/Library/PrivateFrameworks/SignpostNotification.framework/Versions/A/SignpostNotification
0x0000000007e68000 	/System/Library/Frameworks/Carbon.framework/Versions/A/Frameworks/SpeechRecognition.framework/Versions/A/SpeechRecognition
0x0000000007e68000 	/usr/lib/libauto.dylib
0x0000000007e68000 	/usr/lib/libxml2.2.dylib
0x0000000007e68000 	/System/Library/PrivateFrameworks/CoreUI.framework/Versions/A/CoreUI
0x0000000007e68000 	/System/Library/Frameworks/CoreAudio.framework/Versions/A/CoreAudio
0x0000000007e68000 	/System/Library/Frameworks/DiskArbitration.framework/Versions/A/DiskArbitration
0x0000000007e68000 	/usr/lib/liblangid.dylib
0x0000000007e68000 	/System/Library/PrivateFrameworks/MultitouchSupport.framework/Versions/A/MultitouchSupport
0x0000000007e68000 	/System/Library/Frameworks/IOKit.framework/Versions/A/IOKit
0x0000000007e68000 	/usr/lib/libDiagnosticMessagesClient.dylib
0x0000000007e68000 	/System/Library/Frameworks/CoreServices.framework/Versions/A/CoreServices
0x0000000007e68000 	/System/Library/PrivateFrameworks/PerformanceAnalysis.framework/Versions/A/PerformanceAnalysis
0x0000000007e68000 	/System/Library/Frameworks/OpenGL.framework/Versions/A/OpenGL
0x0000000007e68000 	/System/Library/Frameworks/ColorSync.framework/Versions/A/ColorSync
0x0000000007e68000 	/System/Library/Frameworks/CoreImage.framework/Versions/A/CoreImage
0x0000000007e68000 	/System/Library/Frameworks/CoreText.framework/Versions/A/CoreText
0x0000000007e68000 	/System/Library/Frameworks/ImageIO.framework/Versions/A/ImageIO
0x0000000007e68000 	/System/Library/PrivateFrameworks/Backup.framework/Versions/A/Backup
0x0000000007e68000 	/usr/lib/libarchive.2.dylib
0x0000000007e68000 	/System/Library/Frameworks/CFNetwork.framework/Versions/A/CFNetwork
0x0000000007e68000 	/System/Library/Frameworks/SystemConfiguration.framework/Versions/A/SystemConfiguration
0x0000000007e68000 	/usr/lib/libCRFSuite.dylib
0x0000000007e68000 	/usr/lib/libc++.1.dylib
0x0000000007e68000 	/usr/lib/libc++abi.dylib
0x0000000007e68000 	/usr/lib/system/libcache.dylib
0x0000000007e68000 	/usr/lib/system/libcommonCrypto.dylib
0x0000000007e68000 	/usr/lib/system/libcompiler_rt.dylib
0x0000000007e68000 	/usr/lib/system/libcopyfile.dylib
0x0000000007e68000 	/usr/lib/system/libcorecrypto.dylib
0x0000000007e68000 	/usr/lib/system/libdispatch.dylib
0x0000000007e68000 	/usr/lib/system/libdyld.dylib
0x0000000007e68000 	/usr/lib/system/libkeymgr.dylib
0x0000000007e68000 	/usr/lib/system/liblaunch.dylib
0x0000000007e68000 	/usr/lib/system/libmacho.dylib
0x0000000007e68000 	/usr/lib/system/libquarantine.dylib
0x0000000007e68000 	/usr/lib/system/libremovefile.dylib
0x0000000007e68000 	/usr/lib/system/libsystem_asl.dylib
0x0000000007e68000 	/usr/lib/system/libsystem_blocks.dylib
0x0000000007e68000 	/usr/lib/system/libsystem_c.dylib
0x0000000007e68000 	/usr/lib/system/libsystem_configuration.dylib
0x0000000007e68000 	/usr/lib/system/libsystem_coreservices.dylib
0x0000000007e68000 	/usr/lib/system/libsystem_darwin.dylib
0x0000000007e68000 	/usr/lib/system/libsystem_dnssd.dylib
0x0000000007e68000 	/usr/lib/system/libsystem_info.dylib
0x0000000007e68000 	/usr/lib/system/libsystem_m.dylib
0x0000000007e68000 	/usr/lib/system/libsystem_malloc.dylib
0x0000000007e68000 	/usr/lib/system/libsystem_network.dylib
0x0000000007e68000 	/usr/lib/system/libsystem_networkextension.dylib
0x0000000007e68000 	/usr/lib/system/libsystem_notify.dylib
0x0000000007e68000 	/usr/lib/system/libsystem_sandbox.dylib
0x0000000007e68000 	/usr/lib/system/libsystem_secinit.dylib
0x0000000007e68000 	/usr/lib/system/libsystem_kernel.dylib
0x0000000007e68000 	/usr/lib/system/libsystem_platform.dylib
0x0000000007e68000 	/usr/lib/system/libsystem_pthread.dylib
0x0000000007e68000 	/usr/lib/system/libsystem_symptoms.dylib
0x0000000007e68000 	/usr/lib/system/libsystem_trace.dylib
0x0000000007e68000 	/usr/lib/system/libunwind.dylib
0x0000000007e68000 	/usr/lib/system/libxpc.dylib
0x0000000007e68000 	/usr/lib/closure/libclosured.dylib
0x0000000007e68000 	/usr/lib/libbsm.0.dylib
0x0000000007e68000 	/usr/lib/system/libkxld.dylib
0x0000000007e68000 	/usr/lib/libOpenScriptingUtil.dylib
0x0000000007e68000 	/usr/lib/libcoretls.dylib
0x0000000007e68000 	/usr/lib/libcoretls_cfhelpers.dylib
0x0000000007e68000 	/usr/lib/libpam.2.dylib
0x0000000007e68000 	/usr/lib/libsqlite3.dylib
0x0000000007e68000 	/usr/lib/libxar.1.dylib
0x0000000007e68000 	/usr/lib/libbz2.1.0.dylib
0x0000000007e68000 	/usr/lib/liblzma.5.dylib
0x0000000007e68000 	/usr/lib/libnetwork.dylib
0x0000000007e68000 	/usr/lib/libapple_nghttp2.dylib
0x0000000007e68000 	/usr/lib/libpcap.A.dylib
0x0000000007e68000 	/usr/lib/libboringssl.dylib
0x0000000007e68000 	/usr/lib/libusrtcp.dylib
0x0000000007e68000 	/usr/lib/libapple_crypto.dylib
0x0000000007e68000 	/System/Library/Frameworks/CoreServices.framework/Versions/A/Frameworks/FSEvents.framework/Versions/A/FSEvents
0x0000000007e68000 	/System/Library/Frameworks/CoreServices.framework/Versions/A/Frameworks/CarbonCore.framework/Versions/A/CarbonCore
0x0000000007e68000 	/System/Library/Frameworks/CoreServices.framework/Versions/A/Frameworks/Metadata.framework/Versions/A/Metadata
0x0000000007e68000 	/System/Library/Frameworks/CoreServices.framework/Versions/A/Frameworks/OSServices.framework/Versions/A/OSServices
0x0000000007e68000 	/System/Library/Frameworks/CoreServices.framework/Versions/A/Frameworks/SearchKit.framework/Versions/A/SearchKit
0x0000000007e68000 	/System/Library/Frameworks/CoreServices.framework/Versions/A/Frameworks/AE.framework/Versions/A/AE
0x0000000007e68000 	/System/Library/Frameworks/CoreServices.framework/Versions/A/Frameworks/LaunchServices.framework/Versions/A/LaunchServices
0x0000000007e68000 	/System/Library/Frameworks/CoreServices.framework/Versions/A/Frameworks/DictionaryServices.framework/Versions/A/DictionaryServices
0x0000000007e68000 	/System/Library/Frameworks/CoreServices.framework/Versions/A/Frameworks/SharedFileList.framework/Versions/A/SharedFileList
0x0000000007e68000 	/System/Library/Frameworks/NetFS.framework/Versions/A/NetFS
0x0000000007e68000 	/System/Library/PrivateFrameworks/NetAuth.framework/Versions/A/NetAuth
0x0000000007e68000 	/System/Library/PrivateFrameworks/login.framework/Versions/A/Frameworks/loginsupport.framework/Versions/A/loginsupport
0x0000000007e68000 	/System/Library/PrivateFrameworks/TCC.framework/Versions/A/TCC
0x0000000007e68000 	/usr/lib/libmecabra.dylib
0x0000000007e68000 	/System/Library/Frameworks/ApplicationServices.framework/Versions/A/Frameworks/ATS.framework/Versions/A/ATS
0x0000000007e68000 	/System/Library/Frameworks/ApplicationServices.framework/Versions/A/Frameworks/ColorSyncLegacy.framework/Versions/A/ColorSyncLegacy
0x0000000007e68000 	/System/Library/Frameworks/ApplicationServices.framework/Versions/A/Frameworks/HIServices.framework/Versions/A/HIServices
0x0000000007e68000 	/System/Library/Frameworks/ApplicationServices.framework/Versions/A/Frameworks/LangAnalysis.framework/Versions/A/LangAnalysis
0x0000000007e68000 	/System/Library/Frameworks/ApplicationServices.framework/Versions/A/Frameworks/PrintCore.framework/Versions/A/PrintCore
0x0000000007e68000 	/System/Library/Frameworks/ApplicationServices.framework/Versions/A/Frameworks/QD.framework/Versions/A/QD
0x0000000007e68000 	/System/Library/Frameworks/ApplicationServices.framework/Versions/A/Frameworks/SpeechSynthesis.framework/Versions/A/SpeechSynthesis
0x0000000007e68000 	/System/Library/Frameworks/CoreDisplay.framework/Versions/A/CoreDisplay
0x0000000007e68000 	/System/Library/Frameworks/Accelerate.framework/Versions/A/Frameworks/vImage.framework/Versions/A/vImage
0x0000000007e68000 	/System/Library/Frameworks/Accelerate.framework/Versions/A/Frameworks/vecLib.framework/Versions/A/vecLib
0x0000000007e68000 	/System/Library/Frameworks/Accelerate.framework/Versions/A/Frameworks/vecLib.framework/Versions/A/libvDSP.dylib
0x0000000007e68000 	/System/Library/Frameworks/Accelerate.framework/Versions/A/Frameworks/vecLib.framework/Versions/A/libBNNS.dylib
0x0000000007e68000 	/System/Library/Frameworks/Accelerate.framework/Versions/A/Frameworks/vecLib.framework/Versions/A/libQuadrature.dylib
0x0000000007e68000 	/System/Library/Frameworks/Accelerate.framework/Versions/A/Frameworks/vecLib.framework/Versions/A/libvMisc.dylib
0x0000000007e68000 	/System/Library/Frameworks/Accelerate.framework/Versions/A/Frameworks/vecLib.framework/Versions/A/libLAPACK.dylib
0x0000000007e68000 	/System/Library/Frameworks/Accelerate.framework/Versions/A/Frameworks/vecLib.framework/Versions/A/libBLAS.dylib
0x0000000007e68000 	/System/Library/Frameworks/Accelerate.framework/Versions/A/Frameworks/vecLib.framework/Versions/A/libLinearAlgebra.dylib
0x0000000007e68000 	/System/Library/Frameworks/Accelerate.framework/Versions/A/Frameworks/vecLib.framework/Versions/A/libSparse.dylib
0x0000000007e68000 	/System/Library/Frameworks/Accelerate.framework/Versions/A/Frameworks/vecLib.framework/Versions/A/libSparseBLAS.dylib
0x0000000007e68000 	/System/Library/PrivateFrameworks/GPUWrangler.framework/Versions/A/GPUWrangler
0x0000000007e68000 	/System/Library/PrivateFrameworks/IOAccelerator.framework/Versions/A/IOAccelerator
0x0000000007e68000 	/System/Library/PrivateFrameworks/IOPresentment.framework/Versions/A/IOPresentment
0x0000000007e68000 	/System/Library/PrivateFrameworks/DSExternalDisplay.framework/Versions/A/DSExternalDisplay
0x0000000007e68000 	/System/Library/Frameworks/OpenGL.framework/Versions/A/Libraries/libCoreFSCache.dylib
0x0000000007e68000 	/System/Library/Frameworks/CoreVideo.framework/Versions/A/CoreVideo
0x0000000007e68000 	/System/Library/PrivateFrameworks/GraphVisualizer.framework/Versions/A/GraphVisualizer
0x0000000007e68000 	/System/Library/Frameworks/MetalPerformanceShaders.framework/Versions/A/MetalPerformanceShaders
0x0000000007e68000 	/usr/lib/libFosl_dynamic.dylib
0x0000000007e68000 	/System/Library/PrivateFrameworks/FaceCore.framework/Versions/A/FaceCore
0x0000000007e68000 	/System/Library/Frameworks/OpenCL.framework/Versions/A/OpenCL
0x0000000007e68000 	/usr/lib/libcompression.dylib
0x0000000007e68000 	/System/Library/Frameworks/ApplicationServices.framework/Versions/A/Frameworks/ATS.framework/Versions/A/Resources/libFontParser.dylib
0x0000000007e68000 	/System/Library/Frameworks/ApplicationServices.framework/Versions/A/Frameworks/ATS.framework/Versions/A/Resources/libFontRegistry.dylib
0x0000000007e68000 	/System/Library/Frameworks/ImageIO.framework/Versions/A/Resources/libJPEG.dylib
0x0000000007e68000 	/System/Library/Frameworks/ImageIO.framework/Versions/A/Resources/libTIFF.dylib
0x0000000007e68000 	/System/Library/Frameworks/ImageIO.framework/Versions/A/Resources/libPng.dylib
0x0000000007e68000 	/System/Library/Frameworks/ImageIO.framework/Versions/A/Resources/libGIF.dylib
0x0000000007e68000 	/System/Library/Frameworks/ImageIO.framework/Versions/A/Resources/libJP2.dylib
0x0000000007e68000 	/System/Library/Frameworks/ImageIO.framework/Versions/A/Resources/libRadiance.dylib
0x0000000007e68000 	/System/Library/PrivateFrameworks/AppleJPEG.framework/Versions/A/AppleJPEG
0x0000000007e68000 	/System/Library/Frameworks/MetalPerformanceShaders.framework/Frameworks/MPSCore.framework/Versions/A/MPSCore
0x0000000007e68000 	/System/Library/Frameworks/MetalPerformanceShaders.framework/Frameworks/MPSImage.framework/Versions/A/MPSImage
0x0000000007e68000 	/System/Library/Frameworks/MetalPerformanceShaders.framework/Frameworks/MPSNeuralNetwork.framework/Versions/A/MPSNeuralNetwork
0x0000000007e68000 	/System/Library/Frameworks/MetalPerformanceShaders.framework/Frameworks/MPSMatrix.framework/Versions/A/MPSMatrix
0x0000000007e68000 	/System/Library/PrivateFrameworks/MetalTools.framework/Versions/A/MetalTools
0x0000000007e68000 	/System/Library/Frameworks/OpenGL.framework/Versions/A/Libraries/libGLU.dylib
0x0000000007e68000 	/System/Library/Frameworks/OpenGL.framework/Versions/A/Libraries/libGFXShared.dylib
0x0000000007e68000 	/System/Library/Frameworks/OpenGL.framework/Versions/A/Libraries/libGL.dylib
0x0000000007e68000 	/System/Library/Frameworks/OpenGL.framework/Versions/A/Libraries/libGLImage.dylib
0x0000000007e68000 	/System/Library/Frameworks/OpenGL.framework/Versions/A/Libraries/libCVMSPluginSupport.dylib
0x0000000007e68000 	/System/Library/Frameworks/OpenGL.framework/Versions/A/Libraries/libCoreVMClient.dylib
0x0000000007e68000 	/usr/lib/libcups.2.dylib
0x0000000007e68000 	/System/Library/Frameworks/Kerberos.framework/Versions/A/Kerberos
0x0000000007e68000 	/System/Library/Frameworks/GSS.framework/Versions/A/GSS
0x0000000007e68000 	/usr/lib/libresolv.9.dylib
0x0000000007e68000 	/usr/lib/libiconv.2.dylib
0x0000000007e68000 	/System/Library/PrivateFrameworks/Heimdal.framework/Versions/A/Heimdal
0x0000000007e68000 	/usr/lib/libheimdal-asn1.dylib
0x0000000007e68000 	/System/Library/Frameworks/OpenDirectory.framework/Versions/A/OpenDirectory
0x0000000007e68000 	/System/Library/PrivateFrameworks/CommonAuth.framework/Versions/A/CommonAuth
0x0000000007e68000 	/System/Library/Frameworks/OpenDirectory.framework/Versions/A/Frameworks/CFOpenDirectory.framework/Versions/A/CFOpenDirectory
0x0000000007e68000 	/System/Library/Frameworks/SecurityFoundation.framework/Versions/A/SecurityFoundation
0x0000000007e68000 	/System/Library/PrivateFrameworks/APFS.framework/Versions/A/APFS
0x0000000007e68000 	/usr/lib/libutil.dylib
0x0000000007e68000 	/System/Library/PrivateFrameworks/AppleSauce.framework/Versions/A/AppleSauce
0x0000000007e68000 	/System/Library/PrivateFrameworks/LinguisticData.framework/Versions/A/LinguisticData
0x0000000007e68000 	/usr/lib/libmarisa.dylib
0x0000000007e68000 	/System/Library/PrivateFrameworks/Lexicon.framework/Versions/A/Lexicon
0x0000000007e68000 	/usr/lib/libChineseTokenizer.dylib
0x0000000007e68000 	/usr/lib/libcmph.dylib
0x0000000007e68000 	/System/Library/PrivateFrameworks/LanguageModeling.framework/Versions/A/LanguageModeling
0x0000000007e68000 	/System/Library/PrivateFrameworks/CoreEmoji.framework/Versions/A/CoreEmoji
0x0000000007e68000 	/System/Library/Frameworks/ServiceManagement.framework/Versions/A/ServiceManagement
0x0000000007e68000 	/System/Library/PrivateFrameworks/BackgroundTaskManagement.framework/Versions/A/BackgroundTaskManagement
0x0000000007e68000 	/usr/lib/libxslt.1.dylib
0x0000000007e68000 	/System/Library/Frameworks/Carbon.framework/Versions/A/Frameworks/Ink.framework/Versions/A/Ink
0x0000000007e68000 	/System/Library/PrivateFrameworks/TextureIO.framework/Versions/A/TextureIO
0x0000000007e68000 	/usr/lib/libate.dylib
0x0000000007e68000 	/System/Library/PrivateFrameworks/CrashReporterSupport.framework/Versions/A/CrashReporterSupport
0x0000000007e68000 	/System/Library/PrivateFrameworks/Sharing.framework/Versions/A/Sharing
0x0000000007e68000 	/System/Library/PrivateFrameworks/IconServices.framework/Versions/A/IconServices
0x0000000007e68000 	/System/Library/PrivateFrameworks/Apple80211.framework/Versions/A/Apple80211
0x0000000007e68000 	/System/Library/PrivateFrameworks/CoreUtils.framework/Versions/A/CoreUtils
0x0000000007e68000 	/System/Library/Frameworks/CoreWLAN.framework/Versions/A/CoreWLAN
0x0000000007e68000 	/System/Library/Frameworks/IOBluetooth.framework/Versions/A/IOBluetooth
0x0000000007e68000 	/System/Library/PrivateFrameworks/ProtocolBuffer.framework/Versions/A/ProtocolBuffer
0x0000000007e68000 	/System/Library/PrivateFrameworks/CoreWiFi.framework/Versions/A/CoreWiFi
0x0000000007e68000 	/System/Library/Frameworks/CoreBluetooth.framework/Versions/A/CoreBluetooth
0x0000000007e68000 	/System/Library/PrivateFrameworks/DebugSymbols.framework/Versions/A/DebugSymbols
0x0000000007e68000 	/System/Library/PrivateFrameworks/CoreSymbolication.framework/Versions/A/CoreSymbolication
0x0000000007e68000 	/System/Library/PrivateFrameworks/Symbolication.framework/Versions/A/Symbolication
0x0000000007e68000 	/System/Library/PrivateFrameworks/AppleFSCompression.framework/Versions/A/AppleFSCompression
0x0000000007e68000 	/System/Library/PrivateFrameworks/SpeechRecognitionCore.framework/Versions/A/SpeechRecognitionCore
0x0000000106419000 	/Library/Java/JavaVirtualMachines/jdk1.8.0_151.jdk/Contents/Home/jre/lib/server/libjvm.dylib
0x0000000007e68000 	/usr/lib/libstdc++.6.0.9.dylib
0x0000000104a6d000 	/Library/Java/JavaVirtualMachines/jdk1.8.0_151.jdk/Contents/Home/jre/lib/libverify.dylib
0x0000000104a7b000 	/Library/Java/JavaVirtualMachines/jdk1.8.0_151.jdk/Contents/Home/jre/lib/libjava.dylib
0x0000000104ab1000 	/Library/Java/JavaVirtualMachines/jdk1.8.0_151.jdk/Contents/Home/jre/lib/libinstrument.dylib
0x0000000104b4f000 	/Library/Java/JavaVirtualMachines/jdk1.8.0_151.jdk/Contents/Home/jre/lib/libzip.dylib
0x0000000007e68000 	/System/Library/Frameworks/JavaVM.framework/Versions/A/Frameworks/JavaRuntimeSupport.framework/Versions/A/JavaRuntimeSupport
0x0000000007e68000 	/System/Library/Frameworks/JavaVM.framework/Versions/A/Frameworks/JavaNativeFoundation.framework/Versions/A/JavaNativeFoundation
0x0000000007e68000 	/System/Library/Frameworks/JavaVM.framework/Versions/A/JavaVM
0x0000000007e68000 	/System/Library/Frameworks/Carbon.framework/Versions/A/Carbon
0x0000000007e68000 	/System/Library/PrivateFrameworks/JavaLaunching.framework/Versions/A/JavaLaunching
0x0000000007e68000 	/System/Library/Frameworks/Carbon.framework/Versions/A/Frameworks/CommonPanels.framework/Versions/A/CommonPanels
0x0000000007e68000 	/System/Library/Frameworks/Carbon.framework/Versions/A/Frameworks/Help.framework/Versions/A/Help
0x0000000007e68000 	/System/Library/Frameworks/Carbon.framework/Versions/A/Frameworks/ImageCapture.framework/Versions/A/ImageCapture
0x0000000007e68000 	/System/Library/Frameworks/Carbon.framework/Versions/A/Frameworks/OpenScripting.framework/Versions/A/OpenScripting
0x0000000007e68000 	/System/Library/Frameworks/Carbon.framework/Versions/A/Frameworks/Print.framework/Versions/A/Print
0x0000000007e68000 	/System/Library/Frameworks/Carbon.framework/Versions/A/Frameworks/SecurityHI.framework/Versions/A/SecurityHI
0x00000001235fb000 	/Library/Java/JavaVirtualMachines/jdk1.8.0_151.jdk/Contents/Home/jre/lib/libnet.dylib
0x0000000123b03000 	/Library/Java/JavaVirtualMachines/jdk1.8.0_151.jdk/Contents/Home/jre/lib/libmanagement.dylib
0x0000000123de6000 	/Library/Java/JavaVirtualMachines/jdk1.8.0_151.jdk/Contents/Home/jre/lib/libnio.dylib
0x0000000123921000 	/Library/Java/JavaVirtualMachines/jdk1.8.0_151.jdk/Contents/Home/jre/lib/libsunec.dylib
0x0000000124042000 	/Library/Java/JavaVirtualMachines/jdk1.8.0_151.jdk/Contents/Home/jre/lib/libawt.dylib
0x0000000124b8b000 	/Library/Java/JavaVirtualMachines/jdk1.8.0_151.jdk/Contents/Home/jre/lib/./libmlib_image.dylib
0x0000000124c57000 	/Library/Java/JavaVirtualMachines/jdk1.8.0_151.jdk/Contents/Home/jre/lib/libawt_lwawt.dylib
0x00000001239d5000 	/Library/Java/JavaVirtualMachines/jdk1.8.0_151.jdk/Contents/Home/jre/lib/./libosxapp.dylib
0x0000000007e68000 	/System/Library/Frameworks/ExceptionHandling.framework/Versions/A/ExceptionHandling
0x0000000007e68000 	/System/Library/PrivateFrameworks/CoreServicesInternal.framework/Versions/A/CoreServicesInternal
0x0000000007e68000 	/System/Library/CoreServices/RawCamera.bundle/Contents/MacOS/RawCamera
0x0000000007e68000 	/System/Library/PrivateFrameworks/MobileAsset.framework/Versions/A/MobileAsset
0x0000000007e68000 	/System/Library/PrivateFrameworks/StreamingZip.framework/Versions/A/StreamingZip
0x0000000007e68000 	/System/Library/Frameworks/MediaToolbox.framework/Versions/A/MediaToolbox
0x0000000007e68000 	/System/Library/PrivateFrameworks/CoreAVCHD.framework/Versions/A/CoreAVCHD
0x0000000007e68000 	/System/Library/Frameworks/MediaAccessibility.framework/Versions/A/MediaAccessibility
0x0000000007e68000 	/System/Library/PrivateFrameworks/Mangrove.framework/Versions/A/Mangrove
0x0000000007e68000 	/System/Library/Frameworks/CoreMedia.framework/Versions/A/CoreMedia
0x0000000007e68000 	/System/Library/Frameworks/VideoToolbox.framework/Versions/A/VideoToolbox
0x0000000007e68000 	/System/Library/PrivateFrameworks/CoreAUC.framework/Versions/A/CoreAUC
0x0000000007e68000 	/usr/lib/libspindump.dylib
0x0000000007e68000 	/System/Library/PrivateFrameworks/AppleVA.framework/Versions/A/AppleVA
0x0000000007e68000 	/System/Library/Frameworks/Accelerate.framework/Versions/A/Frameworks/vImage.framework/Versions/A/Libraries/libCGInterfaces.dylib
0x0000000007e68000 	/System/Library/Frameworks/ApplicationServices.framework/Versions/A/Frameworks/ATS.framework/Versions/A/Resources/libTrueTypeScaler.dylib
0x0000000007e68000 	/System/Library/Frameworks/OpenGL.framework/Versions/A/Resources/GLEngine.bundle/GLEngine
0x0000000007e68000 	/System/Library/Frameworks/OpenGL.framework/Versions/A/Libraries/libGLProgrammability.dylib
0x0000000126be5000 	/System/Library/Extensions/AppleIntelHD3000GraphicsGLDriver.bundle/Contents/MacOS/AppleIntelHD3000GraphicsGLDriver
0x0000000007e68000 	/System/Library/PrivateFrameworks/GPUSupport.framework/Versions/A/Libraries/libGPUSupport.dylib
0x0000000007e68000 	/System/Library/Frameworks/OpenGL.framework/Versions/A/Resources/GLRendererFloat.bundle/GLRendererFloat
0x0000000007e68000 	/System/Library/Frameworks/OpenCL.framework/Versions/A/Libraries/libcldcpuengine.dylib
0x0000000007e68000 	/usr/lib/libcrypto.35.dylib
0x0000000007e68000 	/System/Library/PrivateFrameworks/TrustEvaluationAgent.framework/Versions/A/TrustEvaluationAgent
0x0000000007e68000 	/System/Library/PrivateFrameworks/FamilyControls.framework/Versions/A/FamilyControls
0x0000000007e68000 	/System/Library/PrivateFrameworks/CommerceKit.framework/Versions/A/Frameworks/CommerceCore.framework/Versions/A/CommerceCore
0x0000000007e68000 	/System/Library/PrivateFrameworks/SystemAdministration.framework/Versions/A/SystemAdministration
0x0000000007e68000 	/System/Library/PrivateFrameworks/AppContainer.framework/Versions/A/AppContainer
0x0000000007e68000 	/System/Library/PrivateFrameworks/SecCodeWrapper.framework/Versions/A/SecCodeWrapper
0x0000000007e68000 	/System/Library/PrivateFrameworks/DiskManagement.framework/Versions/A/DiskManagement
0x0000000007e68000 	/System/Library/Frameworks/DirectoryService.framework/Versions/A/DirectoryService
0x0000000007e68000 	/System/Library/PrivateFrameworks/DiskImages.framework/Versions/A/DiskImages
0x0000000007e68000 	/System/Library/PrivateFrameworks/LoginUIKit.framework/Versions/A/Frameworks/LoginUICore.framework/Versions/A/LoginUICore
0x0000000007e68000 	/usr/lib/libCoreStorage.dylib
0x0000000007e68000 	/usr/lib/libcsfde.dylib
0x0000000007e68000 	/usr/lib/libodfde.dylib
0x0000000007e68000 	/System/Library/PrivateFrameworks/MediaKit.framework/Versions/A/MediaKit
0x0000000007e68000 	/System/Library/Frameworks/DiscRecording.framework/Versions/A/DiscRecording
0x0000000007e68000 	/System/Library/PrivateFrameworks/EFILogin.framework/Versions/A/EFILogin
0x0000000007e68000 	/System/Library/PrivateFrameworks/ProtectedCloudStorage.framework/Versions/A/ProtectedCloudStorage
0x0000000007e68000 	/usr/lib/libcurl.4.dylib
0x0000000007e68000 	/usr/lib/libssl.35.dylib
0x0000000007e68000 	/System/Library/Frameworks/LDAP.framework/Versions/A/LDAP
0x0000000007e68000 	/usr/lib/libsasl2.2.dylib
0x0000000007e68000 	/System/Library/PrivateFrameworks/CoreDaemon.framework/Versions/B/CoreDaemon
0x0000000007e68000 	/System/Library/PrivateFrameworks/AppleSRP.framework/Versions/A/AppleSRP

VM Arguments:
jvm_args: -ea -Didea.test.cyclic.buffer.size=1048576 -javaagent:/Applications/IntelliJ IDEA CE.app/Contents/lib/idea_rt.jar=49647:/Applications/IntelliJ IDEA CE.app/Contents/bin -Dfile.encoding=UTF-8 
java_command: org.testng.RemoteTestNGStarter -usedefaultlisteners false -socket49646 @w@/private/var/folders/96/yv857kkd5ylff2zwtvzvpf3m0000gn/T/idea_working_dirs_testng.tmp -temp /private/var/folders/96/yv857kkd5ylff2zwtvzvpf3m0000gn/T/idea_testng.tmp
java_class_path (initial): /Applications/IntelliJ IDEA CE.app/Contents/lib/idea_rt.jar:/Applications/IntelliJ IDEA CE.app/Contents/plugins/testng/lib/testng-plugin.jar:/Library/Java/JavaVirtualMachines/jdk1.8.0_151.jdk/Contents/Home/jre/lib/charsets.jar:/Library/Java/JavaVirtualMachines/jdk1.8.0_151.jdk/Contents/Home/jre/lib/deploy.jar:/Library/Java/JavaVirtualMachines/jdk1.8.0_151.jdk/Contents/Home/jre/lib/ext/cldrdata.jar:/Library/Java/JavaVirtualMachines/jdk1.8.0_151.jdk/Contents/Home/jre/lib/ext/dnsns.jar:/Library/Java/JavaVirtualMachines/jdk1.8.0_151.jdk/Contents/Home/jre/lib/ext/jaccess.jar:/Library/Java/JavaVirtualMachines/jdk1.8.0_151.jdk/Contents/Home/jre/lib/ext/jfxrt.jar:/Library/Java/JavaVirtualMachines/jdk1.8.0_151.jdk/Contents/Home/jre/lib/ext/localedata.jar:/Library/Java/JavaVirtualMachines/jdk1.8.0_151.jdk/Contents/Home/jre/lib/ext/nashorn.jar:/Library/Java/JavaVirtualMachines/jdk1.8.0_151.jdk/Contents/Home/jre/lib/ext/sunec.jar:/Library/Java/JavaVirtualMachines/jdk1.8.0_151.jdk/Contents/Home/jre/lib/ext/sunjce_provider.jar:/Library/Java/JavaVirtualMachines/jdk1.8.0_151.jdk/Contents/Home/jre/lib/ext/sunpkcs11.jar:/Library/Java/JavaVirtualMachines/jdk1.8.0_151.jdk/Contents/Home/jre/lib/ext/zipfs.jar:/Library/Java/JavaVirtualMachines/jdk1.8.0_151.jdk/Contents/Home/jre/lib/javaws.jar:/Library/Java/JavaVirtualMachines/jdk1.8.0_151.jdk/Contents/Home/jre/lib/jce.jar:/Library/Java/JavaVirtualMachines/jdk1.8.0_151.jdk/Contents/Home/jre/lib/jfr.jar:/Library/Java/JavaVirtualMachines/jdk1.8.0_151.jdk/Contents/Home/jre/lib/jfxswt.jar:/Library/Java/JavaVirtualMachines/jdk1.8.0_151.jdk/Contents/Home/jre/lib/jsse.jar:/Library/Java/JavaVirtualMachines/jdk1.8.0_151.jdk/Contents/Home/jre/lib/management-agent.jar:/Library/Java/JavaVirtualMachines/jdk1.8.0_151.jdk/Contents/Home/jre/lib/plugin.jar:/Library/Java/JavaVirtualMachines/jdk1.8.0_151.jdk/Contents/Home/jre/lib/resources.jar:/Library/Java/JavaVirtualMachines/jdk1.8.0_151.jdk/Contents/Home/jre/lib/rt.jar:/Librar
Launcher Type: SUN_STANDARD

Environment Variables:
JAVA_HOME=/Library/Java/JavaVirtualMachines/jdk1.8.0_151.jdk/Contents/Home
PATH=/Library/Frameworks/Python.framework/Versions/3.6/bin:/Library/Java/JavaVirtualMachines/jdk1.8.0_151.jdk/Contents/Home/bin:/usr/local/bin:/usr/bin:/bin:/usr/sbin:/sbin
SHELL=/bin/bash

Signal Handlers:
SIGSEGV: [libjvm.dylib+0x5b27a5], sa_mask[0]=11111111011111110111111111111111, sa_flags=SA_ONSTACK|SA_RESTART|SA_SIGINFO
SIGBUS: [libjvm.dylib+0x5b27a5], sa_mask[0]=11111111011111110111111111111111, sa_flags=SA_RESTART|SA_SIGINFO
SIGFPE: [libjvm.dylib+0x4891c4], sa_mask[0]=11111111011111110111111111111111, sa_flags=SA_RESTART|SA_SIGINFO
SIGPIPE: [libjvm.dylib+0x4891c4], sa_mask[0]=11111111011111110111111111111111, sa_flags=SA_RESTART|SA_SIGINFO
SIGXFSZ: [libjvm.dylib+0x4891c4], sa_mask[0]=11111111011111110111111111111111, sa_flags=SA_RESTART|SA_SIGINFO
SIGILL: [libjvm.dylib+0x4891c4], sa_mask[0]=11111111011111110111111111111111, sa_flags=SA_RESTART|SA_SIGINFO
SIGUSR1: SIG_DFL, sa_mask[0]=00000000000000000000000000000000, sa_flags=none
SIGUSR2: [libjvm.dylib+0x488ce2], sa_mask[0]=00100000000000000000000000000000, sa_flags=SA_RESTART|SA_SIGINFO
SIGHUP: [libjvm.dylib+0x4872b9], sa_mask[0]=11111111011111110111111111111111, sa_flags=SA_RESTART|SA_SIGINFO
SIGINT: [libjvm.dylib+0x4872b9], sa_mask[0]=11111111011111110111111111111111, sa_flags=SA_RESTART|SA_SIGINFO
SIGTERM: [libjvm.dylib+0x4872b9], sa_mask[0]=11111111011111110111111111111111, sa_flags=SA_RESTART|SA_SIGINFO
SIGQUIT: [libjvm.dylib+0x4872b9], sa_mask[0]=11111111011111110111111111111111, sa_flags=SA_RESTART|SA_SIGINFO


---------------  S Y S T E M  ---------------

OS:Bsduname:Darwin 17.5.0 Darwin Kernel Version 17.5.0: Mon Mar  5 22:24:32 PST 2018; root:xnu-4570.51.1~1/RELEASE_X86_64 x86_64
rlimit: STACK 8192k, CORE 0k, NPROC 1418, NOFILE 10240, AS infinity
load average:3.96 3.03 2.46

CPU:total 8 (initial active 8) (4 cores per cpu, 2 threads per core) family 6 model 42 stepping 7, cmov, cx8, fxsr, mmx, sse, sse2, sse3, ssse3, sse4.1, sse4.2, popcnt, avx, aes, clmul, ht, tsc, tscinvbit

Memory: 4k page, physical 16777216k(541116k free)

/proc/meminfo:


vm_info: Java HotSpot(TM) 64-Bit Server VM (25.151-b12) for bsd-amd64 JRE (1.8.0_151-b12), built on Sep  5 2017 19:37:08 by "java_re" with gcc 4.2.1 (Based on Apple Inc. build 5658) (LLVM build 2336.11.00)

time: Mon Apr  2 13:27:58 2018
elapsed time: 153 seconds (0d 0h 2m 33s)

